<?xml version="1.0" encoding="UTF-8"?>
<!-- Generated by org.testng.reporters.JUnitReportReporter -->
<testsuite hostname="Mirzab" failures="0" tests="1" name="testNG_P1.InPutFromXml" time="2.985" errors="0" timestamp="2022-08-22T13:36:40 IST" skipped="0">
  <testcase classname="testNG_P1.InPutFromXml" name="main" time="2.985"/>
  <system-out/>
</testsuite> <!-- testNG_P1.InPutFromXml -->
