<?xml version="1.0" encoding="UTF-8"?>
<!-- Generated by org.testng.reporters.JUnitReportReporter -->
<testsuite hostname="Mirzab" failures="0" tests="1" name="testNG.TestClassOfSupport" time="0.005" errors="0" timestamp="2022-08-21T13:05:42 IST" skipped="0">
  <testcase classname="testNG.TestClassOfSupport" name="logout" time="0.005"/>
  <system-out>
    <![CDATA[logout sucessfully]]>
  </system-out>
</testsuite> <!-- testNG.TestClassOfSupport -->
