<?xml version="1.0" encoding="UTF-8"?>
<!-- Generated by org.testng.reporters.JUnitReportReporter -->
<testsuite hostname="Mirzab" failures="0" tests="1" name="testNG_P1.TestClassOfSupport" time="0.008" errors="0" timestamp="2022-08-17T21:14:44 IST" skipped="0">
  <testcase classname="testNG_P1.TestClassOfSupport" name="logout" time="0.008"/>
  <system-out>
    <![CDATA[logout sucessfully]]>
  </system-out>
</testsuite> <!-- testNG_P1.TestClassOfSupport -->
