<?xml version="1.0" encoding="UTF-8"?>
<!-- Generated by org.testng.reporters.JUnitReportReporter -->
<testsuite hostname="Mirzab" failures="0" tests="1" name="driverForGeneric.Launch" time="8.438" errors="0" timestamp="2022-09-03T11:13:32 IST" skipped="0">
  <testcase classname="driverForGeneric.Launch" name="launch" time="8.438"/>
  <system-out/>
</testsuite> <!-- driverForGeneric.Launch -->
