<?xml version="1.0" encoding="UTF-8"?>
<!-- Generated by org.testng.reporters.JUnitReportReporter -->
<testsuite hostname="Mirzab" failures="0" tests="1" name="generic.PracticeA1" time="8.486" errors="0" timestamp="2022-09-03T10:59:08 IST" skipped="0">
  <testcase classname="generic.PracticeA1" name="main" time="8.486"/>
  <system-out/>
</testsuite> <!-- generic.PracticeA1 -->
