<?xml version="1.0" encoding="UTF-8"?>
<!-- Generated by org.testng.reporters.JUnitReportReporter -->
<testsuite hostname="Mirzab" failures="0" tests="2" name="testNG_P1.LaunchBrowserOneAfterAnother" time="21.909" errors="0" timestamp="2022-08-22T14:07:28 IST" skipped="0">
  <testcase classname="testNG_P1.LaunchBrowserOneAfterAnother" name="main" time="12.338"/>
  <system-out/>
  <testcase classname="testNG_P1.LaunchBrowserOneAfterAnother" name="main" time="9.571"/>
  <system-out/>
</testsuite> <!-- testNG_P1.LaunchBrowserOneAfterAnother -->
