<?xml version="1.0" encoding="UTF-8"?>
<!-- Generated by org.testng.reporters.JUnitReportReporter -->
<testsuite hostname="Mirzab" failures="0" tests="1" name="testNG.TestOfBaseTest1" time="0.007" errors="0" timestamp="2022-08-17T19:51:19 IST" skipped="0">
  <testcase classname="testNG.TestOfBaseTest1" name="main" time="0.007"/>
  <system-out>
    <![CDATA[5]]>
  </system-out>
</testsuite> <!-- testNG.TestOfBaseTest1 -->
