<?xml version="1.0" encoding="UTF-8"?>
<!-- Generated by org.testng.reporters.JUnitReportReporter -->
<testsuite hostname="Mirzab" failures="0" tests="4" name="testNG.Practice1" time="0.011" errors="0" timestamp="2022-08-17T13:00:34 IST" skipped="0">
  <testcase classname="testNG.Practice1" name="a" time="0.007"/>
  <system-out>
    <![CDATA[hai]]>
  </system-out>
  <testcase classname="testNG.Practice1" name="z" time="0.001"/>
  <system-out>
    <![CDATA[ this ]]>
  </system-out>
  <testcase classname="testNG.Practice1" name="d" time="0.002"/>
  <system-out>
    <![CDATA[ is ]]>
  </system-out>
  <testcase classname="testNG.Practice1" name="e" time="0.001"/>
  <system-out>
    <![CDATA[ mirzab ]]>
  </system-out>
</testsuite> <!-- testNG.Practice1 -->
