<?xml version="1.0" encoding="UTF-8"?>
<!-- Generated by org.testng.reporters.JUnitReportReporter -->
<testsuite hostname="Mirzab" failures="0" tests="5" name="testNG.Priority" time="0.011" errors="0" timestamp="2022-08-17T13:03:34 IST" skipped="0">
  <testcase classname="testNG.Priority" name="a" time="0.006"/>
  <system-out>
    <![CDATA[hai]]>
  </system-out>
  <testcase classname="testNG.Priority" name="z" time="0.001"/>
  <system-out>
    <![CDATA[ this ]]>
  </system-out>
  <testcase classname="testNG.Priority" name="d" time="0.002"/>
  <system-out>
    <![CDATA[ is ]]>
  </system-out>
  <testcase classname="testNG.Priority" name="e" time="0.001"/>
  <system-out>
    <![CDATA[ mirzab ]]>
  </system-out>
  <testcase classname="testNG.Priority" name="f" time="0.001"/>
  <system-out>
    <![CDATA[ . ]]>
  </system-out>
</testsuite> <!-- testNG.Priority -->
