<?xml version="1.0" encoding="UTF-8"?>
<!-- Generated by org.testng.reporters.JUnitReportReporter -->
<testsuite hostname="Mirzab" failures="0" tests="2" name="testNG.PreConditionAndPostCondition" time="0.011" errors="0" timestamp="2022-08-17T16:26:10 IST" skipped="0">
  <testcase classname="testNG.PreConditionAndPostCondition" name="UserUpdate" time="0.008"/>
  <system-out>
    <![CDATA[user updated]]>
  </system-out>
  <testcase classname="testNG.PreConditionAndPostCondition" name="UserDelete" time="0.003"/>
  <system-out>
    <![CDATA[ user deleted]]>
  </system-out>
</testsuite> <!-- testNG.PreConditionAndPostCondition -->
