<?xml version="1.0" encoding="UTF-8"?>
<!-- Generated by org.testng.reporters.JUnitReportReporter -->
<testsuite hostname="Mirzab" failures="0" tests="1" name="testNG.TestOfBaseTest2" time="0.001" errors="0" timestamp="2022-08-17T19:51:19 IST" skipped="0">
  <testcase classname="testNG.TestOfBaseTest2" name="main" time="0.001"/>
  <system-out>
    <![CDATA[5.5]]>
  </system-out>
</testsuite> <!-- testNG.TestOfBaseTest2 -->
