<?xml version="1.0" encoding="UTF-8"?>
<!-- Generated by org.testng.reporters.JUnitReportReporter -->
<testsuite hostname="Mirzab" failures="0" tests="1" name="testNG_P1.Comapatibility" time="2.800" errors="0" timestamp="2022-08-22T13:19:20 IST" skipped="0">
  <testcase classname="testNG_P1.Comapatibility" name="main" time="2.800"/>
  <system-out/>
</testsuite> <!-- testNG_P1.Comapatibility -->
