<?xml version="1.0" encoding="UTF-8"?>
<!-- Generated by org.testng.reporters.JUnitReportReporter -->
<testsuite hostname="Mirzab" failures="0" tests="3" name="testNG.Group" time="0.008" errors="0" timestamp="2022-08-21T14:26:05 IST" skipped="0">
  <testcase classname="testNG.Group" name="afterSuite" time="0.001"/>
  <system-out>
    <![CDATA[after suit reg]]>
  </system-out>
  <testcase classname="testNG.Group" name="afterMethod" time="0.006"/>
  <system-out>
    <![CDATA[after method smoke & reg]]>
  </system-out>
  <testcase classname="testNG.Group" name="beforeTest" time="0.001"/>
  <system-out>
    <![CDATA[befor test reg]]>
  </system-out>
</testsuite> <!-- testNG.Group -->
