<?xml version="1.0" encoding="UTF-8"?>
<!-- Generated by org.testng.reporters.JUnitReportReporter -->
<testsuite hostname="Mirzab" failures="0" tests="4" name="testNG.DataProviderPractice" time="0.011" errors="0" timestamp="2022-08-17T16:08:51 IST" skipped="0">
  <testcase classname="testNG.DataProviderPractice" name="user" time="0.002"/>
  <system-out>
    <![CDATA[ this ]]>
  </system-out>
  <testcase classname="testNG.DataProviderPractice" name="user" time="0.007"/>
  <system-out>
    <![CDATA[ hai ]]>
  </system-out>
  <testcase classname="testNG.DataProviderPractice" name="user" time="0.001"/>
  <system-out>
    <![CDATA[ mirzab  ]]>
  </system-out>
  <testcase classname="testNG.DataProviderPractice" name="user" time="0.001"/>
  <system-out>
    <![CDATA[ is  ]]>
  </system-out>
</testsuite> <!-- testNG.DataProviderPractice -->
