<?xml version="1.0" encoding="UTF-8"?>
<!-- Generated by org.testng.reporters.JUnitReportReporter -->
<testsuite hostname="Mirzab" failures="0" tests="6" name="testNG_P1.InvocationCount" time="0.012" errors="0" timestamp="2022-08-17T19:02:18 IST" skipped="0">
  <testcase classname="testNG_P1.InvocationCount" name="b" time="0.002"/>
  <system-out>
    <![CDATA[ hello ]]>
  </system-out>
  <testcase classname="testNG_P1.InvocationCount" name="a" time="0.001"/>
  <system-out>
    <![CDATA[ hai ]]>
  </system-out>
  <testcase classname="testNG_P1.InvocationCount" name="b" time="0.001"/>
  <system-out>
    <![CDATA[ hello ]]>
  </system-out>
  <testcase classname="testNG_P1.InvocationCount" name="b" time="0.001"/>
  <system-out>
    <![CDATA[ hello ]]>
  </system-out>
  <testcase classname="testNG_P1.InvocationCount" name="a" time="0.007"/>
  <system-out>
    <![CDATA[ hai ]]>
  </system-out>
  <testcase classname="testNG_P1.InvocationCount" name="a" time="0.000"/>
  <system-out>
    <![CDATA[ hai ]]>
  </system-out>
</testsuite> <!-- testNG_P1.InvocationCount -->
