<?xml version="1.0" encoding="UTF-8"?>
<!-- Generated by org.testng.reporters.JUnitReportReporter -->
<testsuite hostname="Mirzab" failures="0" tests="2" name="testNG_P1.ParallelExecution" time="13.365" errors="0" timestamp="2022-08-22T14:58:59 IST" skipped="0">
  <testcase classname="testNG_P1.ParallelExecution" name="main" time="5.148"/>
  <system-out/>
  <testcase classname="testNG_P1.ParallelExecution" name="main" time="8.217"/>
  <system-out/>
</testsuite> <!-- testNG_P1.ParallelExecution -->
