<?xml version="1.0" encoding="UTF-8"?>
<!-- Generated by org.testng.reporters.JUnitReportReporter -->
<testsuite hostname="Mirzab" failures="0" tests="6" name="testNG.InvocationCount" time="0.012" errors="0" timestamp="2022-08-17T13:19:35 IST" skipped="0">
  <testcase classname="testNG.InvocationCount" name="b" time="0.001"/>
  <system-out>
    <![CDATA[ hello ]]>
  </system-out>
  <testcase classname="testNG.InvocationCount" name="a" time="0.001"/>
  <system-out>
    <![CDATA[ hai ]]>
  </system-out>
  <testcase classname="testNG.InvocationCount" name="a" time="0.007"/>
  <system-out>
    <![CDATA[ hai ]]>
  </system-out>
  <testcase classname="testNG.InvocationCount" name="b" time="0.001"/>
  <system-out>
    <![CDATA[ hello ]]>
  </system-out>
  <testcase classname="testNG.InvocationCount" name="b" time="0.001"/>
  <system-out>
    <![CDATA[ hello ]]>
  </system-out>
  <testcase classname="testNG.InvocationCount" name="a" time="0.001"/>
  <system-out>
    <![CDATA[ hai ]]>
  </system-out>
</testsuite> <!-- testNG.InvocationCount -->
